<?xml version="1.0" encoding="UTF-8"?>
<!-- Generated by org.testng.reporters.JUnitReportReporter -->
<testsuite hostname="OABLN2392" name="com.hellofresh.challenge.LoginTest" tests="1" failures="0" timestamp="12 Jun 2018 20:38:02 GMT" time="9.402" errors="0">
  <testcase name="logInTest" time="9.402" classname="com.hellofresh.challenge.LoginTest"/>
</testsuite> <!-- com.hellofresh.challenge.LoginTest -->
