<?xml version="1.0" encoding="UTF-8"?>
<!-- Generated by org.testng.reporters.JUnitReportReporter -->
<testsuite hostname="OABLN2392" name="com.hellofresh.challenge.SignInTest" tests="1" failures="0" timestamp="12 Jun 2018 20:38:02 GMT" time="18.876" errors="0">
  <testcase name="signInTest" time="18.876" classname="com.hellofresh.challenge.SignInTest"/>
</testsuite> <!-- com.hellofresh.challenge.SignInTest -->
