<?xml version="1.0" encoding="UTF-8"?>
<!-- Generated by org.testng.reporters.JUnitReportReporter -->
<testsuite hostname="OABLN2392" name="com.hellofresh.challenge.CheckOutTest" tests="1" failures="0" timestamp="12 Jun 2018 20:38:02 GMT" time="28.286" errors="0">
  <testcase name="checkOutTest" time="28.286" classname="com.hellofresh.challenge.CheckOutTest"/>
</testsuite> <!-- com.hellofresh.challenge.CheckOutTest -->
